<?xml version="1.0" encoding="UTF-8"?>
<!-- Generated by org.testng.reporters.JUnitXMLReporter -->
<testsuite ignored="6" hostname="LAPTOP-S9EA3BHA" failures="0" tests="3" name="Test" time="0.104" errors="0" timestamp="2024-08-27T20:03:22 IST">
  <testcase classname="TestNG.GroupExecution" name="login" time="0.012"/>
  <testcase classname="TestNG.GroupExecution" name="signout" time="0.007"/>
  <testcase classname="TestNG.GroupExecution" name="signup" time="0.012"/>
  <testcase classname="TestNG.Priority" name="spider" time="0.0">
    <ignored/>
  </testcase> <!-- spider -->
  <testcase classname="TestNG.GroupExecution" name="compose" time="0.0">
    <ignored/>
  </testcase> <!-- compose -->
  <testcase classname="TestNG.Priority" name="jspider" time="0.0">
    <ignored/>
  </testcase> <!-- jspider -->
  <testcase classname="TestNG.GroupExecution" name="delete" time="0.0">
    <ignored/>
  </testcase> <!-- delete -->
  <testcase classname="TestNG.Priority" name="qspider" time="0.0">
    <ignored/>
  </testcase> <!-- qspider -->
  <testcase classname="TestNG.Priority" name="spyspider" time="0.0">
    <ignored/>
  </testcase> <!-- spyspider -->
</testsuite> <!-- Test -->
